[2025-09-07 12:22:24.998 +08:00 WRN] LuckyPennySoftware.MediatR.License: You do not have a valid license key for the Lucky Penny software MediatR. This is allowed for development and testing scenarios. If you are running in production you are required to have a licensed version. Please visit https://luckypennysoftware.com to obtain a valid license.
[2025-09-07 12:22:25.017 +08:00 INF] GameStrapper: GameStrapper initialized successfully with 25 services
[2025-09-07 12:22:25.024 +08:00 INF] : GridPresenter initialized, setting up grid display
[2025-09-07 12:22:25.034 +08:00 INF] : Grid display refreshed successfully with 10x10 grid
[2025-09-07 12:22:25.034 +08:00 INF] : Initial grid display setup initiated
[2025-09-07 12:22:25.034 +08:00 INF] : ActorPresenter initialized, setting up initial actors
[2025-09-07 12:22:25.039 +08:00 INF] : Test player actor created at position (0, 0) with ID 1364b1a2-45ce-4e2e-b169-c9e15e4db903
[2025-09-07 12:22:25.040 +08:00 INF] : Initial actor display setup initiated
[2025-09-07 12:22:25.241 +08:00 INF] : User clicked on tile at position (7, 4)
[2025-09-07 12:22:25.244 +08:00 INF] : Successfully processed move to position (7, 4)
[2025-09-07 12:22:26.392 +08:00 INF] : User clicked on tile at position (0, 0)
[2025-09-07 12:22:26.393 +08:00 INF] : Successfully processed move to position (0, 0)
[2025-09-07 12:22:27.344 +08:00 INF] : User clicked on tile at position (1, 1)
[2025-09-07 12:22:27.344 +08:00 INF] : Successfully processed move to position (1, 1)
[2025-09-07 12:22:28.011 +08:00 INF] : User clicked on tile at position (1, 1)
[2025-09-07 12:22:28.012 +08:00 WRN] : Validation failed for MoveActorCommand: SAME_POSITION: Actor is already at the target position
[2025-09-07 12:22:28.013 +08:00 WRN] : Move to position (1, 1) failed: SAME_POSITION: Actor is already at the target position
[2025-09-07 12:22:29.415 +08:00 INF] : User clicked on tile at position (3, 1)
[2025-09-07 12:22:29.415 +08:00 INF] : Successfully processed move to position (3, 1)
[2025-09-07 12:22:30.620 +08:00 INF] : User clicked on tile at position (1, 4)
[2025-09-07 12:22:30.620 +08:00 INF] : Successfully processed move to position (1, 4)
[2025-09-07 12:22:31.084 +08:00 INF] : User clicked on tile at position (5, 4)
[2025-09-07 12:22:31.084 +08:00 INF] : Successfully processed move to position (5, 4)
[2025-09-07 12:22:31.652 +08:00 INF] : User clicked on tile at position (4, 7)
[2025-09-07 12:22:31.652 +08:00 INF] : Successfully processed move to position (4, 7)
[2025-09-07 12:22:32.221 +08:00 INF] : User clicked on tile at position (8, 7)
[2025-09-07 12:22:32.221 +08:00 INF] : Successfully processed move to position (8, 7)
[2025-09-07 12:22:33.005 +08:00 INF] : User clicked on tile at position (3, 7)
[2025-09-07 12:22:33.005 +08:00 INF] : Successfully processed move to position (3, 7)
[2025-09-07 12:22:34.040 +08:00 INF] : User clicked on tile at position (0, 0)
[2025-09-07 12:22:34.040 +08:00 INF] : Successfully processed move to position (0, 0)
[2025-09-07 12:22:36.445 +08:00 INF] : User clicked on tile at position (1, 2)
[2025-09-07 12:22:36.445 +08:00 INF] : Successfully processed move to position (1, 2)
[2025-09-07 12:22:36.831 +08:00 INF] : User clicked on tile at position (1, 2)
[2025-09-07 12:22:36.831 +08:00 WRN] : Validation failed for MoveActorCommand: SAME_POSITION: Actor is already at the target position
[2025-09-07 12:22:36.831 +08:00 WRN] : Move to position (1, 2) failed: SAME_POSITION: Actor is already at the target position
[2025-09-07 12:22:37.881 +08:00 INF] : User clicked on tile at position (3, 4)
[2025-09-07 12:22:37.881 +08:00 INF] : Successfully processed move to position (3, 4)
[2025-09-07 12:22:39.033 +08:00 INF] : GridPresenter disposing and cleaning up resources
[2025-09-07 12:22:39.033 +08:00 INF] : ActorPresenter disposing and cleaning up resources
[2025-09-07 12:28:09.387 +08:00 WRN] LuckyPennySoftware.MediatR.License: You do not have a valid license key for the Lucky Penny software MediatR. This is allowed for development and testing scenarios. If you are running in production you are required to have a licensed version. Please visit https://luckypennysoftware.com to obtain a valid license.
[2025-09-07 12:28:09.406 +08:00 INF] GameStrapper: GameStrapper initialized successfully with 25 services
[2025-09-07 12:28:09.418 +08:00 INF] : GridPresenter initialized, setting up grid display
[2025-09-07 12:28:09.428 +08:00 INF] : Grid display refreshed successfully with 10x10 grid
[2025-09-07 12:28:09.428 +08:00 INF] : Initial grid display setup initiated
[2025-09-07 12:28:09.428 +08:00 INF] : ActorPresenter initialized, setting up initial actors
[2025-09-07 12:28:09.433 +08:00 INF] : Test player actor created at position (0, 0) with ID 45263b20-f0ae-493e-a8db-e93e297a9f69
[2025-09-07 12:28:09.434 +08:00 INF] : Initial actor display setup initiated
[2025-09-07 12:28:09.919 +08:00 INF] : User clicked on tile at position (2, 4)
[2025-09-07 12:28:09.923 +08:00 INF] : Successfully processed move to position (2, 4)
[2025-09-07 12:28:10.852 +08:00 INF] : User clicked on tile at position (4, 3)
[2025-09-07 12:28:10.853 +08:00 INF] : Successfully processed move to position (4, 3)
[2025-09-07 12:28:11.319 +08:00 INF] : User clicked on tile at position (4, 2)
[2025-09-07 12:28:11.320 +08:00 INF] : Successfully processed move to position (4, 2)
[2025-09-07 12:28:11.687 +08:00 INF] : User clicked on tile at position (5, 3)
[2025-09-07 12:28:11.687 +08:00 INF] : Successfully processed move to position (5, 3)
[2025-09-07 12:28:12.005 +08:00 INF] : User clicked on tile at position (5, 2)
[2025-09-07 12:28:12.005 +08:00 INF] : Successfully processed move to position (5, 2)
[2025-09-07 12:28:12.172 +08:00 INF] : User clicked on tile at position (5, 2)
[2025-09-07 12:28:12.173 +08:00 WRN] : Validation failed for MoveActorCommand: SAME_POSITION: Actor is already at the target position
[2025-09-07 12:28:12.173 +08:00 WRN] : Move to position (5, 2) failed: SAME_POSITION: Actor is already at the target position
[2025-09-07 12:28:12.656 +08:00 INF] : User clicked on tile at position (5, 2)
[2025-09-07 12:28:12.656 +08:00 WRN] : Validation failed for MoveActorCommand: SAME_POSITION: Actor is already at the target position
[2025-09-07 12:28:12.656 +08:00 WRN] : Move to position (5, 2) failed: SAME_POSITION: Actor is already at the target position
[2025-09-07 12:28:12.807 +08:00 INF] : User clicked on tile at position (5, 2)
[2025-09-07 12:28:12.808 +08:00 WRN] : Validation failed for MoveActorCommand: SAME_POSITION: Actor is already at the target position
[2025-09-07 12:28:12.808 +08:00 WRN] : Move to position (5, 2) failed: SAME_POSITION: Actor is already at the target position
[2025-09-07 12:28:12.974 +08:00 INF] : User clicked on tile at position (5, 2)
[2025-09-07 12:28:12.974 +08:00 WRN] : Validation failed for MoveActorCommand: SAME_POSITION: Actor is already at the target position
[2025-09-07 12:28:12.974 +08:00 WRN] : Move to position (5, 2) failed: SAME_POSITION: Actor is already at the target position
[2025-09-07 12:28:14.626 +08:00 INF] : User clicked on tile at position (0, 0)
[2025-09-07 12:28:14.626 +08:00 INF] : Successfully processed move to position (0, 0)
[2025-09-07 12:28:15.060 +08:00 INF] : User clicked on tile at position (1, 1)
[2025-09-07 12:28:15.060 +08:00 INF] : Successfully processed move to position (1, 1)
[2025-09-07 12:28:15.494 +08:00 INF] : User clicked on tile at position (2, 2)
[2025-09-07 12:28:15.495 +08:00 INF] : Successfully processed move to position (2, 2)
[2025-09-07 12:28:28.938 +08:00 INF] : User clicked on tile at position (5, 6)
[2025-09-07 12:28:28.938 +08:00 INF] : Successfully processed move to position (5, 6)
[2025-09-07 12:28:29.923 +08:00 INF] : User clicked on tile at position (0, 0)
[2025-09-07 12:28:29.924 +08:00 INF] : Successfully processed move to position (0, 0)
[2025-09-07 12:32:02.269 +08:00 WRN] LuckyPennySoftware.MediatR.License: You do not have a valid license key for the Lucky Penny software MediatR. This is allowed for development and testing scenarios. If you are running in production you are required to have a licensed version. Please visit https://luckypennysoftware.com to obtain a valid license.
[2025-09-07 12:32:02.289 +08:00 INF] GameStrapper: GameStrapper initialized successfully with 25 services
[2025-09-07 12:32:02.299 +08:00 INF] : GridPresenter initialized, setting up grid display
[2025-09-07 12:32:02.309 +08:00 INF] : Grid display refreshed successfully with 10x10 grid
[2025-09-07 12:32:02.310 +08:00 INF] : Initial grid display setup initiated
[2025-09-07 12:32:02.310 +08:00 INF] : ActorPresenter initialized, setting up initial actors
[2025-09-07 12:32:02.315 +08:00 INF] : Test player actor created at position (0, 0) with ID d8bffcab-f526-4e92-9815-8c988912fb73
[2025-09-07 12:32:02.315 +08:00 INF] : Initial actor display setup initiated
[2025-09-07 12:32:02.726 +08:00 INF] : User clicked on tile at position (3, 3)
[2025-09-07 12:32:02.731 +08:00 INF] : Successfully processed move to position (3, 3)
[2025-09-07 12:32:02.731 +08:00 WRN] : ActorPresenter not available or from position unknown - visual update skipped
[2025-09-07 12:32:03.612 +08:00 INF] : User clicked on tile at position (4, 3)
[2025-09-07 12:32:03.613 +08:00 INF] : Successfully processed move to position (4, 3)
[2025-09-07 12:32:03.613 +08:00 WRN] : ActorPresenter not available or from position unknown - visual update skipped
[2025-09-07 12:32:04.262 +08:00 INF] : User clicked on tile at position (4, 5)
[2025-09-07 12:32:04.262 +08:00 INF] : Successfully processed move to position (4, 5)
[2025-09-07 12:32:04.262 +08:00 WRN] : ActorPresenter not available or from position unknown - visual update skipped
[2025-09-07 12:32:04.629 +08:00 INF] : User clicked on tile at position (4, 5)
[2025-09-07 12:32:04.630 +08:00 WRN] : Validation failed for MoveActorCommand: SAME_POSITION: Actor is already at the target position
[2025-09-07 12:32:04.630 +08:00 WRN] : Move to position (4, 5) failed: SAME_POSITION: Actor is already at the target position
[2025-09-07 12:32:05.046 +08:00 INF] : User clicked on tile at position (4, 5)
[2025-09-07 12:32:05.046 +08:00 WRN] : Validation failed for MoveActorCommand: SAME_POSITION: Actor is already at the target position
[2025-09-07 12:32:05.046 +08:00 WRN] : Move to position (4, 5) failed: SAME_POSITION: Actor is already at the target position
[2025-09-07 12:32:05.363 +08:00 INF] : User clicked on tile at position (4, 5)
[2025-09-07 12:32:05.364 +08:00 WRN] : Validation failed for MoveActorCommand: SAME_POSITION: Actor is already at the target position
[2025-09-07 12:32:05.364 +08:00 WRN] : Move to position (4, 5) failed: SAME_POSITION: Actor is already at the target position
[2025-09-07 12:32:05.881 +08:00 INF] : User clicked on tile at position (4, 6)
[2025-09-07 12:32:05.881 +08:00 INF] : Successfully processed move to position (4, 6)
[2025-09-07 12:32:05.881 +08:00 WRN] : ActorPresenter not available or from position unknown - visual update skipped
[2025-09-07 12:32:06.201 +08:00 INF] : User clicked on tile at position (3, 7)
[2025-09-07 12:32:06.201 +08:00 INF] : Successfully processed move to position (3, 7)
[2025-09-07 12:32:06.201 +08:00 WRN] : ActorPresenter not available or from position unknown - visual update skipped
[2025-09-07 12:32:06.367 +08:00 INF] : User clicked on tile at position (3, 7)
[2025-09-07 12:32:06.368 +08:00 WRN] : Validation failed for MoveActorCommand: SAME_POSITION: Actor is already at the target position
[2025-09-07 12:32:06.368 +08:00 WRN] : Move to position (3, 7) failed: SAME_POSITION: Actor is already at the target position
[2025-09-07 12:32:06.984 +08:00 INF] : User clicked on tile at position (7, 7)
[2025-09-07 12:32:06.984 +08:00 INF] : Successfully processed move to position (7, 7)
[2025-09-07 12:32:06.984 +08:00 WRN] : ActorPresenter not available or from position unknown - visual update skipped
[2025-09-07 12:32:07.387 +08:00 INF] : User clicked on tile at position (5, 2)
[2025-09-07 12:32:07.387 +08:00 INF] : Successfully processed move to position (5, 2)
[2025-09-07 12:32:07.387 +08:00 WRN] : ActorPresenter not available or from position unknown - visual update skipped
[2025-09-07 12:32:07.886 +08:00 INF] : User clicked on tile at position (2, 1)
[2025-09-07 12:32:07.886 +08:00 INF] : Successfully processed move to position (2, 1)
[2025-09-07 12:32:07.886 +08:00 WRN] : ActorPresenter not available or from position unknown - visual update skipped
[2025-09-07 12:32:11.275 +08:00 INF] : User clicked on tile at position (0, 0)
[2025-09-07 12:32:11.275 +08:00 INF] : Successfully processed move to position (0, 0)
[2025-09-07 12:32:11.275 +08:00 WRN] : ActorPresenter not available or from position unknown - visual update skipped
[2025-09-07 12:32:11.679 +08:00 INF] : User clicked on tile at position (1, 1)
[2025-09-07 12:32:11.679 +08:00 INF] : Successfully processed move to position (1, 1)
[2025-09-07 12:32:11.679 +08:00 WRN] : ActorPresenter not available or from position unknown - visual update skipped
[2025-09-07 12:32:12.010 +08:00 INF] : User clicked on tile at position (2, 3)
[2025-09-07 12:32:12.010 +08:00 INF] : Successfully processed move to position (2, 3)
[2025-09-07 12:32:12.010 +08:00 WRN] : ActorPresenter not available or from position unknown - visual update skipped
[2025-09-07 12:32:12.180 +08:00 INF] : User clicked on tile at position (3, 4)
[2025-09-07 12:32:12.180 +08:00 INF] : Successfully processed move to position (3, 4)
[2025-09-07 12:32:12.180 +08:00 WRN] : ActorPresenter not available or from position unknown - visual update skipped
[2025-09-07 12:32:12.331 +08:00 INF] : User clicked on tile at position (4, 6)
[2025-09-07 12:32:12.331 +08:00 INF] : Successfully processed move to position (4, 6)
[2025-09-07 12:32:12.331 +08:00 WRN] : ActorPresenter not available or from position unknown - visual update skipped
[2025-09-07 12:32:12.494 +08:00 INF] : User clicked on tile at position (4, 6)
[2025-09-07 12:32:12.494 +08:00 WRN] : Validation failed for MoveActorCommand: SAME_POSITION: Actor is already at the target position
[2025-09-07 12:32:12.494 +08:00 WRN] : Move to position (4, 6) failed: SAME_POSITION: Actor is already at the target position
[2025-09-07 12:32:12.644 +08:00 INF] : User clicked on tile at position (4, 6)
[2025-09-07 12:32:12.644 +08:00 WRN] : Validation failed for MoveActorCommand: SAME_POSITION: Actor is already at the target position
[2025-09-07 12:32:12.645 +08:00 WRN] : Move to position (4, 6) failed: SAME_POSITION: Actor is already at the target position
[2025-09-07 12:32:12.796 +08:00 INF] : User clicked on tile at position (4, 6)
[2025-09-07 12:32:12.797 +08:00 WRN] : Validation failed for MoveActorCommand: SAME_POSITION: Actor is already at the target position
[2025-09-07 12:32:12.797 +08:00 WRN] : Move to position (4, 6) failed: SAME_POSITION: Actor is already at the target position
[2025-09-07 12:32:13.816 +08:00 INF] : GridPresenter disposing and cleaning up resources
[2025-09-07 12:32:13.816 +08:00 INF] : ActorPresenter disposing and cleaning up resources
[2025-09-07 12:33:51.174 +08:00 WRN] LuckyPennySoftware.MediatR.License: You do not have a valid license key for the Lucky Penny software MediatR. This is allowed for development and testing scenarios. If you are running in production you are required to have a licensed version. Please visit https://luckypennysoftware.com to obtain a valid license.
[2025-09-07 12:33:51.192 +08:00 INF] GameStrapper: GameStrapper initialized successfully with 25 services
[2025-09-07 12:33:51.207 +08:00 INF] : GridPresenter initialized, setting up grid display
[2025-09-07 12:33:51.217 +08:00 INF] : Grid display refreshed successfully with 10x10 grid
[2025-09-07 12:33:51.217 +08:00 INF] : Initial grid display setup initiated
[2025-09-07 12:33:51.217 +08:00 INF] : ActorPresenter initialized, setting up initial actors
[2025-09-07 12:33:51.222 +08:00 INF] : Test player actor created at position (0, 0) with ID 11724961-ac64-438a-92fe-f8a9f251f580
[2025-09-07 12:33:51.223 +08:00 INF] : Initial actor display setup initiated
[2025-09-07 12:33:51.540 +08:00 INF] : User clicked on tile at position (6, 5)
[2025-09-07 12:33:51.543 +08:00 INF] : Successfully processed move to position (6, 5)
[2025-09-07 12:33:51.544 +08:00 INF] : Handling actor move for 11724961-ac64-438a-92fe-f8a9f251f580 from (0, 0) to (6, 5)
[2025-09-07 12:33:55.914 +08:00 INF] : User clicked on tile at position (6, 5)
[2025-09-07 12:33:55.915 +08:00 WRN] : Validation failed for MoveActorCommand: SAME_POSITION: Actor is already at the target position
[2025-09-07 12:33:55.916 +08:00 WRN] : Move to position (6, 5) failed: SAME_POSITION: Actor is already at the target position
[2025-09-07 12:33:57.668 +08:00 INF] : User clicked on tile at position (0, 9)
[2025-09-07 12:33:57.668 +08:00 INF] : Successfully processed move to position (0, 9)
[2025-09-07 12:33:57.668 +08:00 INF] : Handling actor move for 11724961-ac64-438a-92fe-f8a9f251f580 from (6, 5) to (0, 9)
[2025-09-07 12:34:00.306 +08:00 INF] : User clicked on tile at position (3, 9)
[2025-09-07 12:34:00.306 +08:00 INF] : Successfully processed move to position (3, 9)
[2025-09-07 12:34:00.306 +08:00 INF] : Handling actor move for 11724961-ac64-438a-92fe-f8a9f251f580 from (0, 9) to (3, 9)
[2025-09-07 12:34:01.442 +08:00 INF] : User clicked on tile at position (6, 7)
[2025-09-07 12:34:01.442 +08:00 INF] : Successfully processed move to position (6, 7)
[2025-09-07 12:34:01.442 +08:00 INF] : Handling actor move for 11724961-ac64-438a-92fe-f8a9f251f580 from (3, 9) to (6, 7)
[2025-09-07 12:34:01.926 +08:00 INF] : User clicked on tile at position (6, 3)
[2025-09-07 12:34:01.926 +08:00 INF] : Successfully processed move to position (6, 3)
[2025-09-07 12:34:01.926 +08:00 INF] : Handling actor move for 11724961-ac64-438a-92fe-f8a9f251f580 from (6, 7) to (6, 3)
[2025-09-07 12:34:36.795 +08:00 INF] : User clicked on tile at position (5, 4)
[2025-09-07 12:34:36.795 +08:00 INF] : Successfully processed move to position (5, 4)
[2025-09-07 12:34:36.795 +08:00 INF] : Handling actor move for 11724961-ac64-438a-92fe-f8a9f251f580 from (6, 3) to (5, 4)
[2025-09-07 12:34:37.513 +08:00 INF] : User clicked on tile at position (5, 4)
[2025-09-07 12:34:37.513 +08:00 WRN] : Validation failed for MoveActorCommand: SAME_POSITION: Actor is already at the target position
[2025-09-07 12:34:37.513 +08:00 WRN] : Move to position (5, 4) failed: SAME_POSITION: Actor is already at the target position
[2025-09-07 12:36:31.081 +08:00 WRN] LuckyPennySoftware.MediatR.License: You do not have a valid license key for the Lucky Penny software MediatR. This is allowed for development and testing scenarios. If you are running in production you are required to have a licensed version. Please visit https://luckypennysoftware.com to obtain a valid license.
[2025-09-07 12:36:31.099 +08:00 INF] GameStrapper: GameStrapper initialized successfully with 25 services
[2025-09-07 12:36:31.104 +08:00 INF] : GridPresenter initialized, setting up grid display
[2025-09-07 12:36:31.113 +08:00 INF] : Grid display refreshed successfully with 10x10 grid
[2025-09-07 12:36:31.113 +08:00 INF] : Initial grid display setup initiated
[2025-09-07 12:36:31.114 +08:00 INF] : ActorPresenter initialized, setting up initial actors
[2025-09-07 12:36:31.118 +08:00 INF] : Test player actor created at position (0, 0) with ID 903bb687-67f7-43cd-9d60-12b578d65240
[2025-09-07 12:36:31.119 +08:00 INF] : Initial actor display setup initiated
[2025-09-07 12:36:31.706 +08:00 INF] : User clicked on tile at position (4, 2)
[2025-09-07 12:36:31.709 +08:00 INF] : Successfully processed move to position (4, 2)
[2025-09-07 12:36:31.709 +08:00 INF] : Handling actor move for 903bb687-67f7-43cd-9d60-12b578d65240 from (0, 0) to (4, 2)
[2025-09-07 12:36:32.305 +08:00 INF] : User clicked on tile at position (3, 5)
[2025-09-07 12:36:32.305 +08:00 INF] : Successfully processed move to position (3, 5)
[2025-09-07 12:36:32.305 +08:00 INF] : Handling actor move for 903bb687-67f7-43cd-9d60-12b578d65240 from (4, 2) to (3, 5)
[2025-09-07 12:36:32.972 +08:00 INF] : User clicked on tile at position (2, 6)
[2025-09-07 12:36:32.972 +08:00 INF] : Successfully processed move to position (2, 6)
[2025-09-07 12:36:32.972 +08:00 INF] : Handling actor move for 903bb687-67f7-43cd-9d60-12b578d65240 from (3, 5) to (2, 6)
[2025-09-07 12:36:33.841 +08:00 INF] : User clicked on tile at position (4, 5)
[2025-09-07 12:36:33.841 +08:00 INF] : Successfully processed move to position (4, 5)
[2025-09-07 12:36:33.841 +08:00 INF] : Handling actor move for 903bb687-67f7-43cd-9d60-12b578d65240 from (2, 6) to (4, 5)
[2025-09-07 12:36:34.693 +08:00 INF] : User clicked on tile at position (3, 6)
[2025-09-07 12:36:34.693 +08:00 INF] : Successfully processed move to position (3, 6)
[2025-09-07 12:36:34.693 +08:00 INF] : Handling actor move for 903bb687-67f7-43cd-9d60-12b578d65240 from (4, 5) to (3, 6)
[2025-09-07 12:36:35.444 +08:00 INF] : User clicked on tile at position (4, 6)
[2025-09-07 12:36:35.444 +08:00 INF] : Successfully processed move to position (4, 6)
[2025-09-07 12:36:35.444 +08:00 INF] : Handling actor move for 903bb687-67f7-43cd-9d60-12b578d65240 from (3, 6) to (4, 6)
[2025-09-07 12:36:35.999 +08:00 INF] : User clicked on tile at position (4, 7)
[2025-09-07 12:36:35.999 +08:00 INF] : Successfully processed move to position (4, 7)
[2025-09-07 12:36:35.999 +08:00 INF] : Handling actor move for 903bb687-67f7-43cd-9d60-12b578d65240 from (4, 6) to (4, 7)
[2025-09-07 12:36:36.596 +08:00 INF] : User clicked on tile at position (5, 7)
[2025-09-07 12:36:36.597 +08:00 INF] : Successfully processed move to position (5, 7)
[2025-09-07 12:36:36.597 +08:00 INF] : Handling actor move for 903bb687-67f7-43cd-9d60-12b578d65240 from (4, 7) to (5, 7)
[2025-09-07 12:36:37.016 +08:00 INF] : User clicked on tile at position (5, 6)
[2025-09-07 12:36:37.017 +08:00 INF] : Successfully processed move to position (5, 6)
[2025-09-07 12:36:37.017 +08:00 INF] : Handling actor move for 903bb687-67f7-43cd-9d60-12b578d65240 from (5, 7) to (5, 6)
[2025-09-07 12:36:37.366 +08:00 INF] : User clicked on tile at position (5, 4)
[2025-09-07 12:36:37.366 +08:00 INF] : Successfully processed move to position (5, 4)
[2025-09-07 12:36:37.366 +08:00 INF] : Handling actor move for 903bb687-67f7-43cd-9d60-12b578d65240 from (5, 6) to (5, 4)
[2025-09-07 12:36:37.765 +08:00 INF] : User clicked on tile at position (3, 2)
[2025-09-07 12:36:37.766 +08:00 INF] : Successfully processed move to position (3, 2)
[2025-09-07 12:36:37.766 +08:00 INF] : Handling actor move for 903bb687-67f7-43cd-9d60-12b578d65240 from (5, 4) to (3, 2)
[2025-09-07 12:36:38.199 +08:00 INF] : User clicked on tile at position (2, 2)
[2025-09-07 12:36:38.200 +08:00 INF] : Successfully processed move to position (2, 2)
[2025-09-07 12:36:38.200 +08:00 INF] : Handling actor move for 903bb687-67f7-43cd-9d60-12b578d65240 from (3, 2) to (2, 2)
[2025-09-07 12:36:38.634 +08:00 INF] : User clicked on tile at position (1, 7)
[2025-09-07 12:36:38.634 +08:00 INF] : Successfully processed move to position (1, 7)
[2025-09-07 12:36:38.634 +08:00 INF] : Handling actor move for 903bb687-67f7-43cd-9d60-12b578d65240 from (2, 2) to (1, 7)
[2025-09-07 12:36:39.736 +08:00 INF] : User clicked on tile at position (1, 7)
[2025-09-07 12:36:39.737 +08:00 WRN] : Validation failed for MoveActorCommand: SAME_POSITION: Actor is already at the target position
[2025-09-07 12:36:39.738 +08:00 WRN] : Move to position (1, 7) failed: SAME_POSITION: Actor is already at the target position
[2025-09-07 12:36:40.354 +08:00 INF] : User clicked on tile at position (6, 5)
[2025-09-07 12:36:40.354 +08:00 INF] : Successfully processed move to position (6, 5)
[2025-09-07 12:36:40.354 +08:00 INF] : Handling actor move for 903bb687-67f7-43cd-9d60-12b578d65240 from (1, 7) to (6, 5)
[2025-09-07 12:36:40.822 +08:00 INF] : User clicked on tile at position (5, 3)
[2025-09-07 12:36:40.822 +08:00 INF] : Successfully processed move to position (5, 3)
[2025-09-07 12:36:40.822 +08:00 INF] : Handling actor move for 903bb687-67f7-43cd-9d60-12b578d65240 from (6, 5) to (5, 3)
[2025-09-07 12:36:41.289 +08:00 INF] : User clicked on tile at position (3, 2)
[2025-09-07 12:36:41.289 +08:00 INF] : Successfully processed move to position (3, 2)
[2025-09-07 12:36:41.289 +08:00 INF] : Handling actor move for 903bb687-67f7-43cd-9d60-12b578d65240 from (5, 3) to (3, 2)
[2025-09-07 12:36:41.739 +08:00 INF] : User clicked on tile at position (3, 4)
[2025-09-07 12:36:41.740 +08:00 INF] : Successfully processed move to position (3, 4)
[2025-09-07 12:36:41.740 +08:00 INF] : Handling actor move for 903bb687-67f7-43cd-9d60-12b578d65240 from (3, 2) to (3, 4)
[2025-09-07 12:36:42.124 +08:00 INF] : User clicked on tile at position (2, 6)
[2025-09-07 12:36:42.124 +08:00 INF] : Successfully processed move to position (2, 6)
[2025-09-07 12:36:42.124 +08:00 INF] : Handling actor move for 903bb687-67f7-43cd-9d60-12b578d65240 from (3, 4) to (2, 6)
[2025-09-07 12:36:43.227 +08:00 INF] : User clicked on tile at position (8, 8)
[2025-09-07 12:36:43.227 +08:00 INF] : Successfully processed move to position (8, 8)
[2025-09-07 12:36:43.227 +08:00 INF] : Handling actor move for 903bb687-67f7-43cd-9d60-12b578d65240 from (2, 6) to (8, 8)
[2025-09-07 12:36:43.978 +08:00 INF] : User clicked on tile at position (9, 9)
[2025-09-07 12:36:43.978 +08:00 INF] : Successfully processed move to position (9, 9)
[2025-09-07 12:36:43.978 +08:00 INF] : Handling actor move for 903bb687-67f7-43cd-9d60-12b578d65240 from (8, 8) to (9, 9)
[2025-09-07 12:36:44.445 +08:00 INF] : User clicked on tile at position (7, 8)
[2025-09-07 12:36:44.445 +08:00 INF] : Successfully processed move to position (7, 8)
[2025-09-07 12:36:44.445 +08:00 INF] : Handling actor move for 903bb687-67f7-43cd-9d60-12b578d65240 from (9, 9) to (7, 8)
[2025-09-07 12:36:44.831 +08:00 INF] : User clicked on tile at position (3, 5)
[2025-09-07 12:36:44.831 +08:00 INF] : Successfully processed move to position (3, 5)
[2025-09-07 12:36:44.831 +08:00 INF] : Handling actor move for 903bb687-67f7-43cd-9d60-12b578d65240 from (7, 8) to (3, 5)
[2025-09-07 12:36:45.314 +08:00 INF] : User clicked on tile at position (3, 3)
[2025-09-07 12:36:45.314 +08:00 INF] : Successfully processed move to position (3, 3)
[2025-09-07 12:36:45.314 +08:00 INF] : Handling actor move for 903bb687-67f7-43cd-9d60-12b578d65240 from (3, 5) to (3, 3)
[2025-09-07 12:36:45.832 +08:00 INF] : User clicked on tile at position (4, 3)
[2025-09-07 12:36:45.832 +08:00 INF] : Successfully processed move to position (4, 3)
[2025-09-07 12:36:45.832 +08:00 INF] : Handling actor move for 903bb687-67f7-43cd-9d60-12b578d65240 from (3, 3) to (4, 3)
[2025-09-07 12:36:46.416 +08:00 INF] : User clicked on tile at position (5, 4)
[2025-09-07 12:36:46.416 +08:00 INF] : Successfully processed move to position (5, 4)
[2025-09-07 12:36:46.416 +08:00 INF] : Handling actor move for 903bb687-67f7-43cd-9d60-12b578d65240 from (4, 3) to (5, 4)
[2025-09-07 12:36:46.900 +08:00 INF] : User clicked on tile at position (4, 5)
[2025-09-07 12:36:46.900 +08:00 INF] : Successfully processed move to position (4, 5)
[2025-09-07 12:36:46.900 +08:00 INF] : Handling actor move for 903bb687-67f7-43cd-9d60-12b578d65240 from (5, 4) to (4, 5)
[2025-09-07 12:36:47.418 +08:00 INF] : User clicked on tile at position (4, 6)
[2025-09-07 12:36:47.418 +08:00 INF] : Successfully processed move to position (4, 6)
[2025-09-07 12:36:47.418 +08:00 INF] : Handling actor move for 903bb687-67f7-43cd-9d60-12b578d65240 from (4, 5) to (4, 6)
[2025-09-07 12:36:47.887 +08:00 INF] : User clicked on tile at position (3, 6)
[2025-09-07 12:36:47.887 +08:00 INF] : Successfully processed move to position (3, 6)
[2025-09-07 12:36:47.887 +08:00 INF] : Handling actor move for 903bb687-67f7-43cd-9d60-12b578d65240 from (4, 6) to (3, 6)
[2025-09-07 12:36:49.090 +08:00 INF] : GridPresenter disposing and cleaning up resources
[2025-09-07 12:36:49.090 +08:00 INF] : ActorPresenter disposing and cleaning up resources
[2025-09-07 12:47:48.522 +08:00 WRN] LuckyPennySoftware.MediatR.License: You do not have a valid license key for the Lucky Penny software MediatR. This is allowed for development and testing scenarios. If you are running in production you are required to have a licensed version. Please visit https://luckypennysoftware.com to obtain a valid license.
[2025-09-07 12:47:48.541 +08:00 INF] GameStrapper: GameStrapper initialized successfully with 25 services
[2025-09-07 12:47:48.555 +08:00 INF] : GridPresenter initialized, setting up grid display
[2025-09-07 12:47:48.565 +08:00 INF] : Grid display refreshed successfully with 10x10 grid
[2025-09-07 12:47:48.566 +08:00 INF] : Initial grid display setup initiated
[2025-09-07 12:47:48.566 +08:00 INF] : ActorPresenter initialized, setting up initial actors
[2025-09-07 12:47:48.571 +08:00 INF] : Test player actor created at position (0, 0) with ID effd6239-9de6-46a9-ba63-9cd28b323c20
[2025-09-07 12:47:48.571 +08:00 INF] : Initial actor display setup initiated
[2025-09-07 12:47:49.360 +08:00 INF] : User clicked on tile at position (1, 3)
[2025-09-07 12:47:49.363 +08:00 INF] : Successfully processed move to position (1, 3)
[2025-09-07 12:47:49.364 +08:00 INF] : Handling actor move for effd6239-9de6-46a9-ba63-9cd28b323c20 from (0, 0) to (1, 3)
[2025-09-07 12:47:50.007 +08:00 INF] : User clicked on tile at position (3, 5)
[2025-09-07 12:47:50.008 +08:00 INF] : Successfully processed move to position (3, 5)
[2025-09-07 12:47:50.008 +08:00 INF] : Handling actor move for effd6239-9de6-46a9-ba63-9cd28b323c20 from (1, 3) to (3, 5)
[2025-09-07 12:47:50.760 +08:00 INF] : User clicked on tile at position (5, 7)
[2025-09-07 12:47:50.761 +08:00 INF] : Successfully processed move to position (5, 7)
[2025-09-07 12:47:50.761 +08:00 INF] : Handling actor move for effd6239-9de6-46a9-ba63-9cd28b323c20 from (3, 5) to (5, 7)
[2025-09-07 12:47:51.597 +08:00 INF] : User clicked on tile at position (6, 5)
[2025-09-07 12:47:51.597 +08:00 INF] : Successfully processed move to position (6, 5)
[2025-09-07 12:47:51.597 +08:00 INF] : Handling actor move for effd6239-9de6-46a9-ba63-9cd28b323c20 from (5, 7) to (6, 5)
[2025-09-07 12:47:52.378 +08:00 INF] : User clicked on tile at position (3, 3)
[2025-09-07 12:47:52.378 +08:00 INF] : Successfully processed move to position (3, 3)
[2025-09-07 12:47:52.378 +08:00 INF] : Handling actor move for effd6239-9de6-46a9-ba63-9cd28b323c20 from (6, 5) to (3, 3)
[2025-09-07 12:47:53.229 +08:00 INF] : User clicked on tile at position (2, 6)
[2025-09-07 12:47:53.229 +08:00 INF] : Successfully processed move to position (2, 6)
[2025-09-07 12:47:53.229 +08:00 INF] : Handling actor move for effd6239-9de6-46a9-ba63-9cd28b323c20 from (3, 3) to (2, 6)
[2025-09-07 12:47:54.031 +08:00 INF] : User clicked on tile at position (6, 7)
[2025-09-07 12:47:54.031 +08:00 INF] : Successfully processed move to position (6, 7)
[2025-09-07 12:47:54.031 +08:00 INF] : Handling actor move for effd6239-9de6-46a9-ba63-9cd28b323c20 from (2, 6) to (6, 7)
[2025-09-07 12:47:54.883 +08:00 INF] : User clicked on tile at position (4, 8)
[2025-09-07 12:47:54.883 +08:00 INF] : Successfully processed move to position (4, 8)
[2025-09-07 12:47:54.883 +08:00 INF] : Handling actor move for effd6239-9de6-46a9-ba63-9cd28b323c20 from (6, 7) to (4, 8)
[2025-09-07 12:47:55.584 +08:00 INF] : User clicked on tile at position (1, 3)
[2025-09-07 12:47:55.584 +08:00 INF] : Successfully processed move to position (1, 3)
[2025-09-07 12:47:55.584 +08:00 INF] : Handling actor move for effd6239-9de6-46a9-ba63-9cd28b323c20 from (4, 8) to (1, 3)
[2025-09-07 12:47:56.254 +08:00 INF] : User clicked on tile at position (6, 1)
[2025-09-07 12:47:56.254 +08:00 INF] : Successfully processed move to position (6, 1)
[2025-09-07 12:47:56.254 +08:00 INF] : Handling actor move for effd6239-9de6-46a9-ba63-9cd28b323c20 from (1, 3) to (6, 1)
[2025-09-07 12:47:57.123 +08:00 INF] : User clicked on tile at position (6, 1)
[2025-09-07 12:47:57.124 +08:00 WRN] : Validation failed for MoveActorCommand: SAME_POSITION: Actor is already at the target position
[2025-09-07 12:47:57.125 +08:00 WRN] : Move to position (6, 1) failed: SAME_POSITION: Actor is already at the target position
[2025-09-07 12:47:59.177 +08:00 INF] : User clicked on tile at position (3, 4)
[2025-09-07 12:47:59.177 +08:00 INF] : Successfully processed move to position (3, 4)
[2025-09-07 12:47:59.177 +08:00 INF] : Handling actor move for effd6239-9de6-46a9-ba63-9cd28b323c20 from (6, 1) to (3, 4)
[2025-09-07 12:47:59.909 +08:00 INF] : User clicked on tile at position (5, 5)
[2025-09-07 12:47:59.909 +08:00 INF] : Successfully processed move to position (5, 5)
[2025-09-07 12:47:59.909 +08:00 INF] : Handling actor move for effd6239-9de6-46a9-ba63-9cd28b323c20 from (3, 4) to (5, 5)
[2025-09-07 12:48:00.430 +08:00 INF] : User clicked on tile at position (4, 6)
[2025-09-07 12:48:00.430 +08:00 INF] : Successfully processed move to position (4, 6)
[2025-09-07 12:48:00.430 +08:00 INF] : Handling actor move for effd6239-9de6-46a9-ba63-9cd28b323c20 from (5, 5) to (4, 6)
[2025-09-07 12:48:01.064 +08:00 INF] : User clicked on tile at position (2, 8)
[2025-09-07 12:48:01.064 +08:00 INF] : Successfully processed move to position (2, 8)
[2025-09-07 12:48:01.064 +08:00 INF] : Handling actor move for effd6239-9de6-46a9-ba63-9cd28b323c20 from (4, 6) to (2, 8)
[2025-09-07 12:48:01.562 +08:00 INF] : User clicked on tile at position (2, 6)
[2025-09-07 12:48:01.563 +08:00 INF] : Successfully processed move to position (2, 6)
[2025-09-07 12:48:01.563 +08:00 INF] : Handling actor move for effd6239-9de6-46a9-ba63-9cd28b323c20 from (2, 8) to (2, 6)
[2025-09-07 12:48:02.163 +08:00 INF] : User clicked on tile at position (1, 5)
[2025-09-07 12:48:02.163 +08:00 INF] : Successfully processed move to position (1, 5)
[2025-09-07 12:48:02.164 +08:00 INF] : Handling actor move for effd6239-9de6-46a9-ba63-9cd28b323c20 from (2, 6) to (1, 5)
[2025-09-07 12:48:02.751 +08:00 INF] : User clicked on tile at position (2, 4)
[2025-09-07 12:48:02.751 +08:00 INF] : Successfully processed move to position (2, 4)
[2025-09-07 12:48:02.751 +08:00 INF] : Handling actor move for effd6239-9de6-46a9-ba63-9cd28b323c20 from (1, 5) to (2, 4)
[2025-09-07 12:48:03.301 +08:00 INF] : User clicked on tile at position (3, 3)
[2025-09-07 12:48:03.301 +08:00 INF] : Successfully processed move to position (3, 3)
[2025-09-07 12:48:03.301 +08:00 INF] : Handling actor move for effd6239-9de6-46a9-ba63-9cd28b323c20 from (2, 4) to (3, 3)
[2025-09-07 12:48:03.700 +08:00 INF] : User clicked on tile at position (5, 4)
[2025-09-07 12:48:03.700 +08:00 INF] : Successfully processed move to position (5, 4)
[2025-09-07 12:48:03.700 +08:00 INF] : Handling actor move for effd6239-9de6-46a9-ba63-9cd28b323c20 from (3, 3) to (5, 4)
[2025-09-07 12:48:04.086 +08:00 INF] : User clicked on tile at position (5, 6)
[2025-09-07 12:48:04.086 +08:00 INF] : Successfully processed move to position (5, 6)
[2025-09-07 12:48:04.086 +08:00 INF] : Handling actor move for effd6239-9de6-46a9-ba63-9cd28b323c20 from (5, 4) to (5, 6)
[2025-09-07 12:48:04.454 +08:00 INF] : User clicked on tile at position (2, 9)
[2025-09-07 12:48:04.454 +08:00 INF] : Successfully processed move to position (2, 9)
[2025-09-07 12:48:04.454 +08:00 INF] : Handling actor move for effd6239-9de6-46a9-ba63-9cd28b323c20 from (5, 6) to (2, 9)
[2025-09-07 12:48:22.503 +08:00 INF] : GridPresenter disposing and cleaning up resources
[2025-09-07 12:48:22.504 +08:00 INF] : ActorPresenter disposing and cleaning up resources
[2025-09-07 13:37:31.430 +08:00 WRN] LuckyPennySoftware.MediatR.License: You do not have a valid license key for the Lucky Penny software MediatR. This is allowed for development and testing scenarios. If you are running in production you are required to have a licensed version. Please visit https://luckypennysoftware.com to obtain a valid license.
[2025-09-07 13:37:31.448 +08:00 INF] GameStrapper: GameStrapper initialized successfully with 25 services
[2025-09-07 13:37:31.450 +08:00 INF] : DI container initialized successfully - switching to structured logging
[2025-09-07 13:37:31.451 +08:00 INF] : GameManager initialization completed successfully
[2025-09-07 13:37:31.459 +08:00 INF] : Setting up MVP architecture...
[2025-09-07 13:37:31.459 +08:00 INF] : Views found successfully - Grid: Grid, Actor: Actors
[2025-09-07 13:37:31.461 +08:00 INF] : Presenters created and connected - GridPresenter and ActorPresenter initialized
[2025-09-07 13:37:31.462 +08:00 INF] : GridPresenter initialized, setting up grid display
[2025-09-07 13:37:31.472 +08:00 INF] : Grid display refreshed successfully with 10x10 grid
[2025-09-07 13:37:31.472 +08:00 INF] : Initial grid display setup initiated
[2025-09-07 13:37:31.472 +08:00 INF] : ActorPresenter initialized, setting up initial actors
[2025-09-07 13:37:31.477 +08:00 INF] : Test player actor created at position (0, 0) with ID 2f1fe31e-d30d-4c3f-87b6-29b93a92a9ce
[2025-09-07 13:37:31.477 +08:00 INF] : Initial actor display setup initiated
[2025-09-07 13:37:31.477 +08:00 INF] : MVP architecture setup completed - application ready for interaction
[2025-09-07 13:37:31.712 +08:00 INF] : User clicked on tile at position (2, 3)
[2025-09-07 13:37:31.716 +08:00 INF] : Successfully processed move to position (2, 3)
[2025-09-07 13:37:31.716 +08:00 INF] : Handling actor move for 2f1fe31e-d30d-4c3f-87b6-29b93a92a9ce from (0, 0) to (2, 3)
[2025-09-07 13:37:32.745 +08:00 INF] : User clicked on tile at position (4, 4)
[2025-09-07 13:37:32.746 +08:00 INF] : Successfully processed move to position (4, 4)
[2025-09-07 13:37:32.746 +08:00 INF] : Handling actor move for 2f1fe31e-d30d-4c3f-87b6-29b93a92a9ce from (2, 3) to (4, 4)
[2025-09-07 13:37:33.782 +08:00 INF] : User clicked on tile at position (2, 7)
[2025-09-07 13:37:33.782 +08:00 INF] : Successfully processed move to position (2, 7)
[2025-09-07 13:37:33.782 +08:00 INF] : Handling actor move for 2f1fe31e-d30d-4c3f-87b6-29b93a92a9ce from (4, 4) to (2, 7)
[2025-09-07 13:37:41.663 +08:00 INF] : User clicked on tile at position (5, 7)
[2025-09-07 13:37:41.664 +08:00 INF] : Successfully processed move to position (5, 7)
[2025-09-07 13:37:41.664 +08:00 INF] : Handling actor move for 2f1fe31e-d30d-4c3f-87b6-29b93a92a9ce from (2, 7) to (5, 7)
[2025-09-07 13:37:42.465 +08:00 INF] : User clicked on tile at position (5, 3)
[2025-09-07 13:37:42.465 +08:00 INF] : Successfully processed move to position (5, 3)
[2025-09-07 13:37:42.465 +08:00 INF] : Handling actor move for 2f1fe31e-d30d-4c3f-87b6-29b93a92a9ce from (5, 7) to (5, 3)
[2025-09-07 13:37:43.266 +08:00 INF] : User clicked on tile at position (2, 3)
[2025-09-07 13:37:43.266 +08:00 INF] : Successfully processed move to position (2, 3)
[2025-09-07 13:37:43.266 +08:00 INF] : Handling actor move for 2f1fe31e-d30d-4c3f-87b6-29b93a92a9ce from (5, 3) to (2, 3)
[2025-09-07 13:37:43.915 +08:00 INF] : User clicked on tile at position (3, 7)
[2025-09-07 13:37:43.915 +08:00 INF] : Successfully processed move to position (3, 7)
[2025-09-07 13:37:43.915 +08:00 INF] : Handling actor move for 2f1fe31e-d30d-4c3f-87b6-29b93a92a9ce from (2, 3) to (3, 7)
[2025-09-07 13:37:44.517 +08:00 INF] : User clicked on tile at position (6, 4)
[2025-09-07 13:37:44.517 +08:00 INF] : Successfully processed move to position (6, 4)
[2025-09-07 13:37:44.517 +08:00 INF] : Handling actor move for 2f1fe31e-d30d-4c3f-87b6-29b93a92a9ce from (3, 7) to (6, 4)
[2025-09-07 13:37:45.101 +08:00 INF] : User clicked on tile at position (7, 7)
[2025-09-07 13:37:45.101 +08:00 INF] : Successfully processed move to position (7, 7)
[2025-09-07 13:37:45.101 +08:00 INF] : Handling actor move for 2f1fe31e-d30d-4c3f-87b6-29b93a92a9ce from (6, 4) to (7, 7)
[2025-09-07 13:37:45.636 +08:00 INF] : User clicked on tile at position (1, 6)
[2025-09-07 13:37:45.636 +08:00 INF] : Successfully processed move to position (1, 6)
[2025-09-07 13:37:45.636 +08:00 INF] : Handling actor move for 2f1fe31e-d30d-4c3f-87b6-29b93a92a9ce from (7, 7) to (1, 6)
[2025-09-07 13:37:49.181 +08:00 INF] : GameManager cleaning up resources...
[2025-09-07 13:37:49.182 +08:00 INF] : GridPresenter disposing and cleaning up resources
[2025-09-07 13:37:49.182 +08:00 INF] : ActorPresenter disposing and cleaning up resources
[2025-09-07 13:37:49.182 +08:00 INF] : Presenters disposed successfully
[2025-09-07 13:43:18.454 +08:00 WRN] LuckyPennySoftware.MediatR.License: You do not have a valid license key for the Lucky Penny software MediatR. This is allowed for development and testing scenarios. If you are running in production you are required to have a licensed version. Please visit https://luckypennysoftware.com to obtain a valid license.
[2025-09-07 13:43:18.474 +08:00 INF] GameStrapper: GameStrapper initialized successfully with 25 services
[2025-09-07 13:43:18.476 +08:00 INF] : DI container initialized successfully - switching to structured logging
[2025-09-07 13:43:18.477 +08:00 INF] : GameManager initialization completed successfully
[2025-09-07 13:43:18.477 +08:00 INF] : Setting up MVP architecture...
[2025-09-07 13:43:18.478 +08:00 INF] : Views found successfully - Grid: Grid, Actor: Actors
[2025-09-07 13:43:18.480 +08:00 INF] : Presenters created and connected - GridPresenter and ActorPresenter initialized
[2025-09-07 13:43:18.490 +08:00 INF] : ActorPresenter initialized, setting up initial actors
[2025-09-07 13:43:18.493 +08:00 INF] : Test player actor created at position (0, 0) with ID 6ac953e8-5f8b-46f0-b4a6-3b01ee6aa79a
[2025-09-07 13:43:18.494 +08:00 INF] : Initial actor display setup initiated
[2025-09-07 13:43:18.494 +08:00 INF] : MVP architecture setup completed - application ready for interaction
[2025-09-07 13:43:18.782 +08:00 INF] : Handling actor move for 6ac953e8-5f8b-46f0-b4a6-3b01ee6aa79a from (0, 0) to (4, 4)
[2025-09-07 13:43:19.346 +08:00 INF] : Handling actor move for 6ac953e8-5f8b-46f0-b4a6-3b01ee6aa79a from (4, 4) to (5, 5)
[2025-09-07 13:43:19.729 +08:00 INF] : Handling actor move for 6ac953e8-5f8b-46f0-b4a6-3b01ee6aa79a from (5, 5) to (3, 7)
[2025-09-07 13:43:20.046 +08:00 INF] : Handling actor move for 6ac953e8-5f8b-46f0-b4a6-3b01ee6aa79a from (3, 7) to (3, 2)
[2025-09-07 13:43:20.397 +08:00 INF] : Handling actor move for 6ac953e8-5f8b-46f0-b4a6-3b01ee6aa79a from (3, 2) to (2, 2)
[2025-09-07 13:43:20.748 +08:00 INF] : Handling actor move for 6ac953e8-5f8b-46f0-b4a6-3b01ee6aa79a from (2, 2) to (3, 4)
[2025-09-07 13:43:21.082 +08:00 INF] : Handling actor move for 6ac953e8-5f8b-46f0-b4a6-3b01ee6aa79a from (3, 4) to (6, 3)
[2025-09-07 13:43:21.984 +08:00 INF] : GameManager cleaning up resources...
[2025-09-07 13:43:21.984 +08:00 INF] : ActorPresenter disposing and cleaning up resources
[2025-09-07 13:43:21.984 +08:00 INF] : Presenters disposed successfully
[2025-09-07 13:43:46.951 +08:00 WRN] LuckyPennySoftware.MediatR.License: You do not have a valid license key for the Lucky Penny software MediatR. This is allowed for development and testing scenarios. If you are running in production you are required to have a licensed version. Please visit https://luckypennysoftware.com to obtain a valid license.
[2025-09-07 13:43:46.971 +08:00 INF] GameStrapper: GameStrapper initialized successfully with 25 services
[2025-09-07 13:43:46.972 +08:00 INF] : DI container initialized successfully - switching to structured logging
[2025-09-07 13:43:46.973 +08:00 INF] : GameManager initialization completed successfully
[2025-09-07 13:43:46.984 +08:00 INF] : Setting up MVP architecture...
[2025-09-07 13:43:46.984 +08:00 INF] : Views found successfully - Grid: Grid, Actor: Actors
[2025-09-07 13:43:46.986 +08:00 INF] : Presenters created and connected - GridPresenter and ActorPresenter initialized
[2025-09-07 13:43:46.996 +08:00 INF] : ActorPresenter initialized, setting up initial actors
[2025-09-07 13:43:46.999 +08:00 INF] : Test player actor created at position (0, 0) with ID 87f817a5-c408-43ff-80c8-a7833f2ab94b
[2025-09-07 13:43:47.000 +08:00 INF] : Initial actor display setup initiated
[2025-09-07 13:43:47.000 +08:00 INF] : MVP architecture setup completed - application ready for interaction
[2025-09-07 13:43:47.773 +08:00 INF] : Handling actor move for 87f817a5-c408-43ff-80c8-a7833f2ab94b from (0, 0) to (6, 3)
[2025-09-07 13:43:48.135 +08:00 INF] : Handling actor move for 87f817a5-c408-43ff-80c8-a7833f2ab94b from (6, 3) to (7, 5)
[2025-09-07 13:43:48.353 +08:00 INF] : Handling actor move for 87f817a5-c408-43ff-80c8-a7833f2ab94b from (7, 5) to (6, 6)
[2025-09-07 13:43:48.520 +08:00 INF] : Handling actor move for 87f817a5-c408-43ff-80c8-a7833f2ab94b from (6, 6) to (3, 6)
[2025-09-07 13:43:49.306 +08:00 INF] : GameManager cleaning up resources...
[2025-09-07 13:43:49.306 +08:00 INF] : ActorPresenter disposing and cleaning up resources
[2025-09-07 13:43:49.306 +08:00 INF] : Presenters disposed successfully
[2025-09-07 13:47:34.469 +08:00 WRN] LuckyPennySoftware.MediatR.License: You do not have a valid license key for the Lucky Penny software MediatR. This is allowed for development and testing scenarios. If you are running in production you are required to have a licensed version. Please visit https://luckypennysoftware.com to obtain a valid license.
[2025-09-07 13:47:34.491 +08:00 INF] GameStrapper: GameStrapper initialized successfully with 25 services
[2025-09-07 13:47:34.492 +08:00 INF] : DI container initialized successfully - switching to structured logging
[2025-09-07 13:47:34.493 +08:00 INF] : GameManager initialization completed successfully
[2025-09-07 13:47:34.502 +08:00 INF] : Setting up MVP architecture...
[2025-09-07 13:47:34.502 +08:00 INF] : Views found successfully - Grid: Grid, Actor: Actors
[2025-09-07 13:47:34.504 +08:00 INF] : Presenters created and connected - GridPresenter and ActorPresenter initialized
[2025-09-07 13:47:34.514 +08:00 INF] : Grid display refreshed successfully with 10x10 grid
[2025-09-07 13:47:34.514 +08:00 INF] : ActorPresenter initialized, setting up initial actors
[2025-09-07 13:47:34.518 +08:00 INF] : Test player actor created at position (0, 0) with ID 4579a0e7-1c60-4495-b141-f64615d2ca28
[2025-09-07 13:47:34.518 +08:00 INF] : Initial actor display setup initiated
[2025-09-07 13:47:34.518 +08:00 INF] : MVP architecture setup completed - application ready for interaction
[2025-09-07 13:47:34.837 +08:00 INF] : User clicked on tile at position (5, 7)
[2025-09-07 13:47:34.841 +08:00 INF] : Successfully processed move to position (5, 7)
[2025-09-07 13:47:34.841 +08:00 INF] : Handling actor move for 4579a0e7-1c60-4495-b141-f64615d2ca28 from (0, 0) to (5, 7)
[2025-09-07 13:47:35.501 +08:00 INF] : User clicked on tile at position (3, 2)
[2025-09-07 13:47:35.502 +08:00 INF] : Successfully processed move to position (3, 2)
[2025-09-07 13:47:35.502 +08:00 INF] : Handling actor move for 4579a0e7-1c60-4495-b141-f64615d2ca28 from (5, 7) to (3, 2)
[2025-09-07 13:47:36.172 +08:00 INF] : User clicked on tile at position (1, 6)
[2025-09-07 13:47:36.172 +08:00 INF] : Successfully processed move to position (1, 6)
[2025-09-07 13:47:36.172 +08:00 INF] : Handling actor move for 4579a0e7-1c60-4495-b141-f64615d2ca28 from (3, 2) to (1, 6)
[2025-09-07 13:47:43.119 +08:00 INF] : User clicked on tile at position (4, 3)
[2025-09-07 13:47:43.120 +08:00 INF] : Successfully processed move to position (4, 3)
[2025-09-07 13:47:43.120 +08:00 INF] : Handling actor move for 4579a0e7-1c60-4495-b141-f64615d2ca28 from (1, 6) to (4, 3)
[2025-09-07 13:47:44.504 +08:00 INF] : User clicked on tile at position (4, 4)
[2025-09-07 13:47:44.504 +08:00 INF] : Successfully processed move to position (4, 4)
[2025-09-07 13:47:44.505 +08:00 INF] : Handling actor move for 4579a0e7-1c60-4495-b141-f64615d2ca28 from (4, 3) to (4, 4)
[2025-09-07 13:47:49.262 +08:00 INF] : User clicked on tile at position (1, 7)
[2025-09-07 13:47:49.262 +08:00 INF] : Successfully processed move to position (1, 7)
[2025-09-07 13:47:49.262 +08:00 INF] : Handling actor move for 4579a0e7-1c60-4495-b141-f64615d2ca28 from (4, 4) to (1, 7)
[2025-09-07 13:47:49.899 +08:00 INF] : User clicked on tile at position (6, 7)
[2025-09-07 13:47:49.899 +08:00 INF] : Successfully processed move to position (6, 7)
[2025-09-07 13:47:49.899 +08:00 INF] : Handling actor move for 4579a0e7-1c60-4495-b141-f64615d2ca28 from (1, 7) to (6, 7)
[2025-09-07 13:47:51.167 +08:00 INF] : User clicked on tile at position (4, 8)
[2025-09-07 13:47:51.168 +08:00 INF] : Successfully processed move to position (4, 8)
[2025-09-07 13:47:51.168 +08:00 INF] : Handling actor move for 4579a0e7-1c60-4495-b141-f64615d2ca28 from (6, 7) to (4, 8)
[2025-09-07 13:48:17.919 +08:00 INF] : User clicked on tile at position (2, 5)
[2025-09-07 13:48:17.919 +08:00 INF] : Successfully processed move to position (2, 5)
[2025-09-07 13:48:17.919 +08:00 INF] : Handling actor move for 4579a0e7-1c60-4495-b141-f64615d2ca28 from (4, 8) to (2, 5)
[2025-09-07 13:50:40.924 +08:00 INF] : User clicked on tile at position (6, 3)
[2025-09-07 13:50:40.924 +08:00 INF] : Successfully processed move to position (6, 3)
[2025-09-07 13:50:40.924 +08:00 INF] : Handling actor move for 4579a0e7-1c60-4495-b141-f64615d2ca28 from (2, 5) to (6, 3)
[2025-09-07 13:50:41.471 +08:00 INF] : User clicked on tile at position (3, 3)
[2025-09-07 13:50:41.472 +08:00 INF] : Successfully processed move to position (3, 3)
[2025-09-07 13:50:41.472 +08:00 INF] : Handling actor move for 4579a0e7-1c60-4495-b141-f64615d2ca28 from (6, 3) to (3, 3)
[2025-09-07 13:50:41.939 +08:00 INF] : User clicked on tile at position (4, 7)
[2025-09-07 13:50:41.940 +08:00 INF] : Successfully processed move to position (4, 7)
[2025-09-07 13:50:41.940 +08:00 INF] : Handling actor move for 4579a0e7-1c60-4495-b141-f64615d2ca28 from (3, 3) to (4, 7)
[2025-09-07 13:51:10.175 +08:00 INF] : GameManager cleaning up resources...
[2025-09-07 13:51:10.175 +08:00 INF] : ActorPresenter disposing and cleaning up resources
[2025-09-07 13:51:10.176 +08:00 INF] : Presenters disposed successfully
[2025-09-07 13:51:16.636 +08:00 WRN] LuckyPennySoftware.MediatR.License: You do not have a valid license key for the Lucky Penny software MediatR. This is allowed for development and testing scenarios. If you are running in production you are required to have a licensed version. Please visit https://luckypennysoftware.com to obtain a valid license.
[2025-09-07 13:51:16.656 +08:00 INF] GameStrapper: GameStrapper initialized successfully with 25 services
[2025-09-07 13:51:16.657 +08:00 INF] : DI container initialized successfully - switching to structured logging
[2025-09-07 13:51:16.658 +08:00 INF] : GameManager initialization completed successfully
[2025-09-07 13:51:16.676 +08:00 INF] : Setting up MVP architecture...
[2025-09-07 13:51:16.676 +08:00 INF] : Views found successfully - Grid: Grid, Actor: Actors
[2025-09-07 13:51:16.678 +08:00 INF] : Presenters created and connected - GridPresenter and ActorPresenter initialized
[2025-09-07 13:51:16.684 +08:00 INF] : GridView.DisplayGridBoundariesAsync: Creating 10x10 grid
[2025-09-07 13:51:16.688 +08:00 INF] : Grid display refreshed successfully with 10x10 grid
[2025-09-07 13:51:16.688 +08:00 INF] : ActorPresenter initialized, setting up initial actors
[2025-09-07 13:51:16.691 +08:00 INF] : ActorView.DisplayActorAsync: Actor "1da5d2ae-6a82-4b3b-a72c-69b59022de8e" created at (0,0)
[2025-09-07 13:51:16.692 +08:00 INF] : Test player actor created at position (0, 0) with ID 1da5d2ae-6a82-4b3b-a72c-69b59022de8e
[2025-09-07 13:51:16.692 +08:00 INF] : Initial actor display setup initiated
[2025-09-07 13:51:16.692 +08:00 INF] : MVP architecture setup completed - application ready for interaction
[2025-09-07 13:51:17.124 +08:00 INF] : GridView.HandleMouseClick: User clicked tile (4,5)
[2025-09-07 13:51:17.125 +08:00 INF] : User clicked on tile at position (4, 5)
[2025-09-07 13:51:17.128 +08:00 INF] : Successfully processed move to position (4, 5)
[2025-09-07 13:51:17.128 +08:00 INF] : Handling actor move for 1da5d2ae-6a82-4b3b-a72c-69b59022de8e from (0, 0) to (4, 5)
[2025-09-07 13:51:17.129 +08:00 INF] : GridView.ShowSuccessFeedbackAsync: Moved at (4,5)
[2025-09-07 13:51:17.139 +08:00 INF] : ActorView.MoveActorNodeDeferred: Actor "1da5d2ae-6a82-4b3b-a72c-69b59022de8e" moved to pixel (128,160)
[2025-09-07 13:51:17.758 +08:00 INF] : GridView.HandleMouseClick: User clicked tile (6,3)
[2025-09-07 13:51:17.758 +08:00 INF] : User clicked on tile at position (6, 3)
[2025-09-07 13:51:17.758 +08:00 INF] : Successfully processed move to position (6, 3)
[2025-09-07 13:51:17.758 +08:00 INF] : Handling actor move for 1da5d2ae-6a82-4b3b-a72c-69b59022de8e from (4, 5) to (6, 3)
[2025-09-07 13:51:17.758 +08:00 INF] : GridView.ShowSuccessFeedbackAsync: Moved at (6,3)
[2025-09-07 13:51:17.773 +08:00 INF] : ActorView.MoveActorNodeDeferred: Actor "1da5d2ae-6a82-4b3b-a72c-69b59022de8e" moved to pixel (192,96)
[2025-09-07 13:51:18.125 +08:00 INF] : GridView.HandleMouseClick: User clicked tile (3,2)
[2025-09-07 13:51:18.125 +08:00 INF] : User clicked on tile at position (3, 2)
[2025-09-07 13:51:18.125 +08:00 INF] : Successfully processed move to position (3, 2)
[2025-09-07 13:51:18.125 +08:00 INF] : Handling actor move for 1da5d2ae-6a82-4b3b-a72c-69b59022de8e from (6, 3) to (3, 2)
[2025-09-07 13:51:18.125 +08:00 INF] : GridView.ShowSuccessFeedbackAsync: Moved at (3,2)
[2025-09-07 13:51:18.141 +08:00 INF] : ActorView.MoveActorNodeDeferred: Actor "1da5d2ae-6a82-4b3b-a72c-69b59022de8e" moved to pixel (96,64)
[2025-09-07 13:51:18.495 +08:00 INF] : GridView.HandleMouseClick: User clicked tile (3,4)
[2025-09-07 13:51:18.495 +08:00 INF] : User clicked on tile at position (3, 4)
[2025-09-07 13:51:18.495 +08:00 INF] : Successfully processed move to position (3, 4)
[2025-09-07 13:51:18.495 +08:00 INF] : Handling actor move for 1da5d2ae-6a82-4b3b-a72c-69b59022de8e from (3, 2) to (3, 4)
[2025-09-07 13:51:18.495 +08:00 INF] : GridView.ShowSuccessFeedbackAsync: Moved at (3,4)
[2025-09-07 13:51:18.508 +08:00 INF] : ActorView.MoveActorNodeDeferred: Actor "1da5d2ae-6a82-4b3b-a72c-69b59022de8e" moved to pixel (96,128)
[2025-09-07 13:51:18.795 +08:00 INF] : GridView.HandleMouseClick: User clicked tile (1,6)
[2025-09-07 13:51:18.795 +08:00 INF] : User clicked on tile at position (1, 6)
[2025-09-07 13:51:18.795 +08:00 INF] : Successfully processed move to position (1, 6)
[2025-09-07 13:51:18.795 +08:00 INF] : Handling actor move for 1da5d2ae-6a82-4b3b-a72c-69b59022de8e from (3, 4) to (1, 6)
[2025-09-07 13:51:18.795 +08:00 INF] : GridView.ShowSuccessFeedbackAsync: Moved at (1,6)
[2025-09-07 13:51:18.810 +08:00 INF] : ActorView.MoveActorNodeDeferred: Actor "1da5d2ae-6a82-4b3b-a72c-69b59022de8e" moved to pixel (32,192)
[2025-09-07 13:51:18.979 +08:00 INF] : GridView.HandleMouseClick: User clicked tile (1,7)
[2025-09-07 13:51:18.979 +08:00 INF] : User clicked on tile at position (1, 7)
[2025-09-07 13:51:18.979 +08:00 INF] : Successfully processed move to position (1, 7)
[2025-09-07 13:51:18.979 +08:00 INF] : Handling actor move for 1da5d2ae-6a82-4b3b-a72c-69b59022de8e from (1, 6) to (1, 7)
[2025-09-07 13:51:18.979 +08:00 INF] : GridView.ShowSuccessFeedbackAsync: Moved at (1,7)
[2025-09-07 13:51:18.995 +08:00 INF] : ActorView.MoveActorNodeDeferred: Actor "1da5d2ae-6a82-4b3b-a72c-69b59022de8e" moved to pixel (32,224)
[2025-09-07 13:51:19.211 +08:00 INF] : GridView.HandleMouseClick: User clicked tile (2,8)
[2025-09-07 13:51:19.211 +08:00 INF] : User clicked on tile at position (2, 8)
[2025-09-07 13:51:19.211 +08:00 INF] : Successfully processed move to position (2, 8)
[2025-09-07 13:51:19.211 +08:00 INF] : Handling actor move for 1da5d2ae-6a82-4b3b-a72c-69b59022de8e from (1, 7) to (2, 8)
[2025-09-07 13:51:19.211 +08:00 INF] : GridView.ShowSuccessFeedbackAsync: Moved at (2,8)
[2025-09-07 13:51:19.227 +08:00 INF] : ActorView.MoveActorNodeDeferred: Actor "1da5d2ae-6a82-4b3b-a72c-69b59022de8e" moved to pixel (64,256)
[2025-09-07 13:51:19.394 +08:00 INF] : GridView.HandleMouseClick: User clicked tile (4,8)
[2025-09-07 13:51:19.394 +08:00 INF] : User clicked on tile at position (4, 8)
[2025-09-07 13:51:19.394 +08:00 INF] : Successfully processed move to position (4, 8)
[2025-09-07 13:51:19.394 +08:00 INF] : Handling actor move for 1da5d2ae-6a82-4b3b-a72c-69b59022de8e from (2, 8) to (4, 8)
[2025-09-07 13:51:19.394 +08:00 INF] : GridView.ShowSuccessFeedbackAsync: Moved at (4,8)
[2025-09-07 13:51:19.410 +08:00 INF] : ActorView.MoveActorNodeDeferred: Actor "1da5d2ae-6a82-4b3b-a72c-69b59022de8e" moved to pixel (128,256)
[2025-09-07 13:51:19.561 +08:00 INF] : GridView.HandleMouseClick: User clicked tile (5,4)
[2025-09-07 13:51:19.561 +08:00 INF] : User clicked on tile at position (5, 4)
[2025-09-07 13:51:19.561 +08:00 INF] : Successfully processed move to position (5, 4)
[2025-09-07 13:51:19.561 +08:00 INF] : Handling actor move for 1da5d2ae-6a82-4b3b-a72c-69b59022de8e from (4, 8) to (5, 4)
[2025-09-07 13:51:19.561 +08:00 INF] : GridView.ShowSuccessFeedbackAsync: Moved at (5,4)
[2025-09-07 13:51:19.580 +08:00 INF] : ActorView.MoveActorNodeDeferred: Actor "1da5d2ae-6a82-4b3b-a72c-69b59022de8e" moved to pixel (160,128)
[2025-09-07 13:51:19.746 +08:00 INF] : GridView.HandleMouseClick: User clicked tile (4,2)
[2025-09-07 13:51:19.746 +08:00 INF] : User clicked on tile at position (4, 2)
[2025-09-07 13:51:19.746 +08:00 INF] : Successfully processed move to position (4, 2)
[2025-09-07 13:51:19.746 +08:00 INF] : Handling actor move for 1da5d2ae-6a82-4b3b-a72c-69b59022de8e from (5, 4) to (4, 2)
[2025-09-07 13:51:19.746 +08:00 INF] : GridView.ShowSuccessFeedbackAsync: Moved at (4,2)
[2025-09-07 13:51:19.763 +08:00 INF] : ActorView.MoveActorNodeDeferred: Actor "1da5d2ae-6a82-4b3b-a72c-69b59022de8e" moved to pixel (128,64)
[2025-09-07 13:51:20.048 +08:00 INF] : GridView.HandleMouseClick: User clicked tile (2,2)
[2025-09-07 13:51:20.048 +08:00 INF] : User clicked on tile at position (2, 2)
[2025-09-07 13:51:20.048 +08:00 INF] : Successfully processed move to position (2, 2)
[2025-09-07 13:51:20.048 +08:00 INF] : Handling actor move for 1da5d2ae-6a82-4b3b-a72c-69b59022de8e from (4, 2) to (2, 2)
[2025-09-07 13:51:20.048 +08:00 INF] : GridView.ShowSuccessFeedbackAsync: Moved at (2,2)
[2025-09-07 13:51:20.062 +08:00 INF] : ActorView.MoveActorNodeDeferred: Actor "1da5d2ae-6a82-4b3b-a72c-69b59022de8e" moved to pixel (64,64)
[2025-09-07 13:51:20.464 +08:00 INF] : GridView.HandleMouseClick: User clicked tile (1,5)
[2025-09-07 13:51:20.464 +08:00 INF] : User clicked on tile at position (1, 5)
[2025-09-07 13:51:20.464 +08:00 INF] : Successfully processed move to position (1, 5)
[2025-09-07 13:51:20.464 +08:00 INF] : Handling actor move for 1da5d2ae-6a82-4b3b-a72c-69b59022de8e from (2, 2) to (1, 5)
[2025-09-07 13:51:20.464 +08:00 INF] : GridView.ShowSuccessFeedbackAsync: Moved at (1,5)
[2025-09-07 13:51:20.479 +08:00 INF] : ActorView.MoveActorNodeDeferred: Actor "1da5d2ae-6a82-4b3b-a72c-69b59022de8e" moved to pixel (32,160)
[2025-09-07 13:51:20.863 +08:00 INF] : GridView.HandleMouseClick: User clicked tile (1,5)
[2025-09-07 13:51:20.863 +08:00 INF] : User clicked on tile at position (1, 5)
[2025-09-07 13:51:20.864 +08:00 WRN] : Validation failed for MoveActorCommand: SAME_POSITION: Actor is already at the target position
[2025-09-07 13:51:20.865 +08:00 WRN] : Move to position (1, 5) failed: SAME_POSITION: Actor is already at the target position
[2025-09-07 13:51:20.865 +08:00 WRN] : GridView.ShowErrorFeedbackAsync: SAME_POSITION: Actor is already at the target position at (1,5)
[2025-09-07 13:51:21.147 +08:00 INF] : GridView.HandleMouseClick: User clicked tile (3,6)
[2025-09-07 13:51:21.147 +08:00 INF] : User clicked on tile at position (3, 6)
[2025-09-07 13:51:21.148 +08:00 INF] : Successfully processed move to position (3, 6)
[2025-09-07 13:51:21.148 +08:00 INF] : Handling actor move for 1da5d2ae-6a82-4b3b-a72c-69b59022de8e from (1, 5) to (3, 6)
[2025-09-07 13:51:21.148 +08:00 INF] : GridView.ShowSuccessFeedbackAsync: Moved at (3,6)
[2025-09-07 13:51:21.166 +08:00 INF] : ActorView.MoveActorNodeDeferred: Actor "1da5d2ae-6a82-4b3b-a72c-69b59022de8e" moved to pixel (96,192)
[2025-09-07 13:51:21.565 +08:00 INF] : GridView.HandleMouseClick: User clicked tile (3,6)
[2025-09-07 13:51:21.565 +08:00 INF] : User clicked on tile at position (3, 6)
[2025-09-07 13:51:21.565 +08:00 WRN] : Validation failed for MoveActorCommand: SAME_POSITION: Actor is already at the target position
[2025-09-07 13:51:21.565 +08:00 WRN] : Move to position (3, 6) failed: SAME_POSITION: Actor is already at the target position
[2025-09-07 13:51:21.565 +08:00 WRN] : GridView.ShowErrorFeedbackAsync: SAME_POSITION: Actor is already at the target position at (3,6)
[2025-09-07 13:51:21.932 +08:00 INF] : GridView.HandleMouseClick: User clicked tile (2,7)
[2025-09-07 13:51:21.932 +08:00 INF] : User clicked on tile at position (2, 7)
[2025-09-07 13:51:21.932 +08:00 INF] : Successfully processed move to position (2, 7)
[2025-09-07 13:51:21.932 +08:00 INF] : Handling actor move for 1da5d2ae-6a82-4b3b-a72c-69b59022de8e from (3, 6) to (2, 7)
[2025-09-07 13:51:21.932 +08:00 INF] : GridView.ShowSuccessFeedbackAsync: Moved at (2,7)
[2025-09-07 13:51:21.948 +08:00 INF] : ActorView.MoveActorNodeDeferred: Actor "1da5d2ae-6a82-4b3b-a72c-69b59022de8e" moved to pixel (64,224)
[2025-09-07 13:51:26.825 +08:00 INF] : GridView.HandleMouseClick: User clicked tile (3,3)
[2025-09-07 13:51:26.826 +08:00 INF] : User clicked on tile at position (3, 3)
[2025-09-07 13:51:26.826 +08:00 INF] : Successfully processed move to position (3, 3)
[2025-09-07 13:51:26.826 +08:00 INF] : Handling actor move for 1da5d2ae-6a82-4b3b-a72c-69b59022de8e from (2, 7) to (3, 3)
[2025-09-07 13:51:26.826 +08:00 INF] : GridView.ShowSuccessFeedbackAsync: Moved at (3,3)
[2025-09-07 13:51:26.842 +08:00 INF] : ActorView.MoveActorNodeDeferred: Actor "1da5d2ae-6a82-4b3b-a72c-69b59022de8e" moved to pixel (96,96)
[2025-09-07 13:51:27.479 +08:00 INF] : GridView.HandleMouseClick: User clicked tile (2,2)
[2025-09-07 13:51:27.479 +08:00 INF] : User clicked on tile at position (2, 2)
[2025-09-07 13:51:27.479 +08:00 INF] : Successfully processed move to position (2, 2)
[2025-09-07 13:51:27.479 +08:00 INF] : Handling actor move for 1da5d2ae-6a82-4b3b-a72c-69b59022de8e from (3, 3) to (2, 2)
[2025-09-07 13:51:27.479 +08:00 INF] : GridView.ShowSuccessFeedbackAsync: Moved at (2,2)
[2025-09-07 13:51:27.493 +08:00 INF] : ActorView.MoveActorNodeDeferred: Actor "1da5d2ae-6a82-4b3b-a72c-69b59022de8e" moved to pixel (64,64)
[2025-09-07 13:51:27.827 +08:00 INF] : GridView.HandleMouseClick: User clicked tile (2,4)
[2025-09-07 13:51:27.827 +08:00 INF] : User clicked on tile at position (2, 4)
[2025-09-07 13:51:27.827 +08:00 INF] : Successfully processed move to position (2, 4)
[2025-09-07 13:51:27.827 +08:00 INF] : Handling actor move for 1da5d2ae-6a82-4b3b-a72c-69b59022de8e from (2, 2) to (2, 4)
[2025-09-07 13:51:27.827 +08:00 INF] : GridView.ShowSuccessFeedbackAsync: Moved at (2,4)
[2025-09-07 13:51:27.827 +08:00 INF] : ActorView.MoveActorNodeDeferred: Actor "1da5d2ae-6a82-4b3b-a72c-69b59022de8e" moved to pixel (64,128)
[2025-09-07 13:51:28.145 +08:00 INF] : GridView.HandleMouseClick: User clicked tile (4,5)
[2025-09-07 13:51:28.145 +08:00 INF] : User clicked on tile at position (4, 5)
[2025-09-07 13:51:28.145 +08:00 INF] : Successfully processed move to position (4, 5)
[2025-09-07 13:51:28.145 +08:00 INF] : Handling actor move for 1da5d2ae-6a82-4b3b-a72c-69b59022de8e from (2, 4) to (4, 5)
[2025-09-07 13:51:28.145 +08:00 INF] : GridView.ShowSuccessFeedbackAsync: Moved at (4,5)
[2025-09-07 13:51:28.161 +08:00 INF] : ActorView.MoveActorNodeDeferred: Actor "1da5d2ae-6a82-4b3b-a72c-69b59022de8e" moved to pixel (128,160)
[2025-09-07 13:59:28.295 +08:00 INF] : GridView.HandleMouseClick: User clicked tile (3,4)
[2025-09-07 13:59:28.295 +08:00 INF] : User clicked on tile at position (3, 4)
[2025-09-07 13:59:28.295 +08:00 INF] : Successfully processed move to position (3, 4)
[2025-09-07 13:59:28.295 +08:00 INF] : Handling actor move for 1da5d2ae-6a82-4b3b-a72c-69b59022de8e from (4, 5) to (3, 4)
[2025-09-07 13:59:28.295 +08:00 INF] : GridView.ShowSuccessFeedbackAsync: Moved at (3,4)
[2025-09-07 13:59:28.296 +08:00 INF] : ActorView.MoveActorNodeDeferred: Actor "1da5d2ae-6a82-4b3b-a72c-69b59022de8e" moved to pixel (96,128)
[2025-09-07 13:59:28.778 +08:00 INF] : GridView.HandleMouseClick: User clicked tile (2,2)
[2025-09-07 13:59:28.779 +08:00 INF] : User clicked on tile at position (2, 2)
[2025-09-07 13:59:28.779 +08:00 INF] : Successfully processed move to position (2, 2)
[2025-09-07 13:59:28.779 +08:00 INF] : Handling actor move for 1da5d2ae-6a82-4b3b-a72c-69b59022de8e from (3, 4) to (2, 2)
[2025-09-07 13:59:28.779 +08:00 INF] : GridView.ShowSuccessFeedbackAsync: Moved at (2,2)
[2025-09-07 13:59:28.779 +08:00 INF] : ActorView.MoveActorNodeDeferred: Actor "1da5d2ae-6a82-4b3b-a72c-69b59022de8e" moved to pixel (64,64)
[2025-09-07 13:59:29.380 +08:00 INF] : GridView.HandleMouseClick: User clicked tile (4,3)
[2025-09-07 13:59:29.380 +08:00 INF] : User clicked on tile at position (4, 3)
[2025-09-07 13:59:29.380 +08:00 INF] : Successfully processed move to position (4, 3)
[2025-09-07 13:59:29.380 +08:00 INF] : Handling actor move for 1da5d2ae-6a82-4b3b-a72c-69b59022de8e from (2, 2) to (4, 3)
[2025-09-07 13:59:29.380 +08:00 INF] : GridView.ShowSuccessFeedbackAsync: Moved at (4,3)
[2025-09-07 13:59:29.395 +08:00 INF] : ActorView.MoveActorNodeDeferred: Actor "1da5d2ae-6a82-4b3b-a72c-69b59022de8e" moved to pixel (128,96)
[2025-09-07 14:17:22.511 +08:00 INF] : GridView.HandleMouseClick: User clicked tile (6,4)
[2025-09-07 14:17:22.511 +08:00 INF] : User clicked on tile at position (6, 4)
[2025-09-07 14:17:22.511 +08:00 INF] : Successfully processed move to position (6, 4)
[2025-09-07 14:17:22.511 +08:00 INF] : Handling actor move for 1da5d2ae-6a82-4b3b-a72c-69b59022de8e from (4, 3) to (6, 4)
[2025-09-07 14:17:22.511 +08:00 INF] : GridView.ShowSuccessFeedbackAsync: Moved at (6,4)
[2025-09-07 14:17:22.513 +08:00 INF] : ActorView.MoveActorNodeDeferred: Actor "1da5d2ae-6a82-4b3b-a72c-69b59022de8e" moved to pixel (192,128)
[2025-09-07 14:17:22.870 +08:00 INF] : GridView.HandleMouseClick: User clicked tile (4,6)
[2025-09-07 14:17:22.870 +08:00 INF] : User clicked on tile at position (4, 6)
[2025-09-07 14:17:22.870 +08:00 INF] : Successfully processed move to position (4, 6)
[2025-09-07 14:17:22.870 +08:00 INF] : Handling actor move for 1da5d2ae-6a82-4b3b-a72c-69b59022de8e from (6, 4) to (4, 6)
[2025-09-07 14:17:22.870 +08:00 INF] : GridView.ShowSuccessFeedbackAsync: Moved at (4,6)
[2025-09-07 14:17:22.870 +08:00 INF] : ActorView.MoveActorNodeDeferred: Actor "1da5d2ae-6a82-4b3b-a72c-69b59022de8e" moved to pixel (128,192)
[2025-09-07 14:17:23.205 +08:00 INF] : GridView.HandleMouseClick: User clicked tile (1,3)
[2025-09-07 14:17:23.205 +08:00 INF] : User clicked on tile at position (1, 3)
[2025-09-07 14:17:23.205 +08:00 INF] : Successfully processed move to position (1, 3)
[2025-09-07 14:17:23.205 +08:00 INF] : Handling actor move for 1da5d2ae-6a82-4b3b-a72c-69b59022de8e from (4, 6) to (1, 3)
[2025-09-07 14:17:23.205 +08:00 INF] : GridView.ShowSuccessFeedbackAsync: Moved at (1,3)
[2025-09-07 14:17:23.221 +08:00 INF] : ActorView.MoveActorNodeDeferred: Actor "1da5d2ae-6a82-4b3b-a72c-69b59022de8e" moved to pixel (32,96)
[2025-09-07 14:17:23.656 +08:00 INF] : GridView.HandleMouseClick: User clicked tile (2,1)
[2025-09-07 14:17:23.656 +08:00 INF] : User clicked on tile at position (2, 1)
[2025-09-07 14:17:23.656 +08:00 INF] : Successfully processed move to position (2, 1)
[2025-09-07 14:17:23.656 +08:00 INF] : Handling actor move for 1da5d2ae-6a82-4b3b-a72c-69b59022de8e from (1, 3) to (2, 1)
[2025-09-07 14:17:23.656 +08:00 INF] : GridView.ShowSuccessFeedbackAsync: Moved at (2,1)
[2025-09-07 14:17:23.672 +08:00 INF] : ActorView.MoveActorNodeDeferred: Actor "1da5d2ae-6a82-4b3b-a72c-69b59022de8e" moved to pixel (64,32)
[2025-09-07 14:17:24.023 +08:00 INF] : GridView.HandleMouseClick: User clicked tile (3,1)
[2025-09-07 14:17:24.023 +08:00 INF] : User clicked on tile at position (3, 1)
[2025-09-07 14:17:24.023 +08:00 INF] : Successfully processed move to position (3, 1)
[2025-09-07 14:17:24.023 +08:00 INF] : Handling actor move for 1da5d2ae-6a82-4b3b-a72c-69b59022de8e from (2, 1) to (3, 1)
[2025-09-07 14:17:24.023 +08:00 INF] : GridView.ShowSuccessFeedbackAsync: Moved at (3,1)
[2025-09-07 14:17:24.037 +08:00 INF] : ActorView.MoveActorNodeDeferred: Actor "1da5d2ae-6a82-4b3b-a72c-69b59022de8e" moved to pixel (96,32)
[2025-09-07 14:17:24.355 +08:00 INF] : GridView.HandleMouseClick: User clicked tile (3,1)
[2025-09-07 14:17:24.355 +08:00 INF] : User clicked on tile at position (3, 1)
[2025-09-07 14:17:24.355 +08:00 WRN] : Validation failed for MoveActorCommand: SAME_POSITION: Actor is already at the target position
[2025-09-07 14:17:24.355 +08:00 WRN] : Move to position (3, 1) failed: SAME_POSITION: Actor is already at the target position
[2025-09-07 14:17:24.355 +08:00 WRN] : GridView.ShowErrorFeedbackAsync: SAME_POSITION: Actor is already at the target position at (3,1)
[2025-09-07 14:17:25.680 +08:00 INF] : GameManager cleaning up resources...
[2025-09-07 14:17:25.680 +08:00 INF] : ActorPresenter disposing and cleaning up resources
[2025-09-07 14:17:25.680 +08:00 INF] : Presenters disposed successfully
[2025-09-07 14:28:46.066 +08:00 WRN] LuckyPennySoftware.MediatR.License: You do not have a valid license key for the Lucky Penny software MediatR. This is allowed for development and testing scenarios. If you are running in production you are required to have a licensed version. Please visit https://luckypennysoftware.com to obtain a valid license.
[2025-09-07 14:28:46.091 +08:00 INF] GameStrapper: GameStrapper initialized successfully with 25 services
[2025-09-07 14:28:46.092 +08:00 INF] : DI container initialized successfully - switching to structured logging
[2025-09-07 14:28:46.093 +08:00 INF] : GameManager initialization completed successfully
[2025-09-07 14:28:46.105 +08:00 INF] : Setting up MVP architecture...
[2025-09-07 14:28:46.105 +08:00 INF] : Views found successfully - Grid: Grid, Actor: Actors
[2025-09-07 14:28:46.108 +08:00 INF] : Presenters created and connected - GridPresenter and ActorPresenter initialized
[2025-09-07 14:28:46.113 +08:00 INF] : GridView.DisplayGridBoundariesAsync: Creating 10x10 grid
[2025-09-07 14:28:46.118 +08:00 INF] : Grid display refreshed successfully with 10x10 grid
[2025-09-07 14:28:46.118 +08:00 INF] : ActorPresenter initialized, setting up initial actors
[2025-09-07 14:28:46.122 +08:00 INF] : ActorView.DisplayActorAsync: Actor "36f1e083-e269-4e88-ac1c-eb52bd10221e" created at (0,0)
[2025-09-07 14:28:46.122 +08:00 INF] : Test player actor created at position (0, 0) with ID 36f1e083-e269-4e88-ac1c-eb52bd10221e
[2025-09-07 14:28:46.123 +08:00 INF] : Initial actor display setup initiated
[2025-09-07 14:28:46.123 +08:00 INF] : MVP architecture setup completed - application ready for interaction
[2025-09-07 14:28:46.408 +08:00 INF] : GridView.HandleMouseClick: User clicked tile (5,5)
[2025-09-07 14:28:46.409 +08:00 INF] : User clicked on tile at position (5, 5)
[2025-09-07 14:28:46.413 +08:00 INF] : Successfully processed move to position (5, 5)
[2025-09-07 14:28:46.413 +08:00 INF] : Handling actor move for 36f1e083-e269-4e88-ac1c-eb52bd10221e from (0, 0) to (5, 5)
[2025-09-07 14:28:46.414 +08:00 INF] : GridView.ShowSuccessFeedbackAsync: Moved at (5,5)
[2025-09-07 14:28:46.423 +08:00 INF] : ActorView.MoveActorNodeDeferred: Actor "36f1e083-e269-4e88-ac1c-eb52bd10221e" moved to pixel (160,160)
[2025-09-07 14:28:47.440 +08:00 INF] : GridView.HandleMouseClick: User clicked tile (2,8)
[2025-09-07 14:28:47.440 +08:00 INF] : User clicked on tile at position (2, 8)
[2025-09-07 14:28:47.441 +08:00 INF] : Successfully processed move to position (2, 8)
[2025-09-07 14:28:47.441 +08:00 INF] : Handling actor move for 36f1e083-e269-4e88-ac1c-eb52bd10221e from (5, 5) to (2, 8)
[2025-09-07 14:28:47.441 +08:00 INF] : GridView.ShowSuccessFeedbackAsync: Moved at (2,8)
[2025-09-07 14:28:47.455 +08:00 INF] : ActorView.MoveActorNodeDeferred: Actor "36f1e083-e269-4e88-ac1c-eb52bd10221e" moved to pixel (64,256)
[2025-09-07 14:28:48.412 +08:00 INF] : GridView.HandleMouseClick: User clicked tile (5,9)
[2025-09-07 14:28:48.412 +08:00 INF] : User clicked on tile at position (5, 9)
[2025-09-07 14:28:48.412 +08:00 INF] : Successfully processed move to position (5, 9)
[2025-09-07 14:28:48.412 +08:00 INF] : Handling actor move for 36f1e083-e269-4e88-ac1c-eb52bd10221e from (2, 8) to (5, 9)
[2025-09-07 14:28:48.412 +08:00 INF] : GridView.ShowSuccessFeedbackAsync: Moved at (5,9)
[2025-09-07 14:28:48.424 +08:00 INF] : ActorView.MoveActorNodeDeferred: Actor "36f1e083-e269-4e88-ac1c-eb52bd10221e" moved to pixel (160,288)
[2025-09-07 14:29:08.651 +08:00 INF] : GameManager cleaning up resources...
[2025-09-07 14:29:08.652 +08:00 INF] : ActorPresenter disposing and cleaning up resources
[2025-09-07 14:29:08.652 +08:00 INF] : Presenters disposed successfully
[2025-09-07 14:32:13.111 +08:00 WRN] LuckyPennySoftware.MediatR.License: You do not have a valid license key for the Lucky Penny software MediatR. This is allowed for development and testing scenarios. If you are running in production you are required to have a licensed version. Please visit https://luckypennysoftware.com to obtain a valid license.
[2025-09-07 14:32:13.133 +08:00 INF] GameStrapper: GameStrapper initialized successfully with 25 services
[2025-09-07 14:32:13.135 +08:00 INF] : DI container initialized successfully - switching to structured logging
[2025-09-07 14:32:13.136 +08:00 INF] : GameManager initialization completed successfully
[2025-09-07 14:32:13.147 +08:00 INF] : Setting up MVP architecture...
[2025-09-07 14:32:13.148 +08:00 INF] : Views found successfully - Grid: Grid, Actor: Actors
[2025-09-07 14:32:13.150 +08:00 INF] : Presenters created and connected - GridPresenter and ActorPresenter initialized
[2025-09-07 14:32:13.155 +08:00 INF] : Creating 10x10 grid
[2025-09-07 14:32:13.160 +08:00 INF] : Grid display refreshed successfully with 10x10 grid
[2025-09-07 14:32:13.160 +08:00 INF] : ActorPresenter initialized, setting up initial actors
[2025-09-07 14:32:13.163 +08:00 INF] : Actor Actor_b0993aba created at (0,0)
[2025-09-07 14:32:13.164 +08:00 INF] : Test player actor created at position (0, 0) with ID Actor_b0993aba
[2025-09-07 14:32:13.164 +08:00 INF] : Initial actor display setup initiated
[2025-09-07 14:32:13.164 +08:00 INF] : MVP architecture setup completed - application ready for interaction
[2025-09-07 14:32:13.865 +08:00 INF] : User clicked tile (2,2)
[2025-09-07 14:32:13.867 +08:00 INF] : User clicked on tile at position (2, 2)
[2025-09-07 14:32:13.869 +08:00 INF] : Successfully processed move to position (2, 2)
[2025-09-07 14:32:13.870 +08:00 INF] : Handling actor move for Actor_b0993aba from (0, 0) to (2, 2)
[2025-09-07 14:32:13.871 +08:00 INF] : Moved at (2,2)
[2025-09-07 14:32:13.880 +08:00 INF] : Actor Actor_b0993aba moved to (0,0)  (2,2)
[2025-09-07 14:32:15.385 +08:00 INF] : User clicked tile (4,6)
[2025-09-07 14:32:15.385 +08:00 INF] : User clicked on tile at position (4, 6)
[2025-09-07 14:32:15.385 +08:00 INF] : Successfully processed move to position (4, 6)
[2025-09-07 14:32:15.385 +08:00 INF] : Handling actor move for Actor_b0993aba from (2, 2) to (4, 6)
[2025-09-07 14:32:15.386 +08:00 INF] : Moved at (4,6)
[2025-09-07 14:32:15.401 +08:00 INF] : Actor Actor_b0993aba moved to (2,2)  (4,6)
[2025-09-07 14:32:16.955 +08:00 INF] : User clicked tile (6,4)
[2025-09-07 14:32:16.955 +08:00 INF] : User clicked on tile at position (6, 4)
[2025-09-07 14:32:16.955 +08:00 INF] : Successfully processed move to position (6, 4)
[2025-09-07 14:32:16.955 +08:00 INF] : Handling actor move for Actor_b0993aba from (4, 6) to (6, 4)
[2025-09-07 14:32:16.955 +08:00 INF] : Moved at (6,4)
[2025-09-07 14:32:16.970 +08:00 INF] : Actor Actor_b0993aba moved to (4,6)  (6,4)
[2025-09-07 14:32:18.040 +08:00 INF] : User clicked tile (6,4)
[2025-09-07 14:32:18.040 +08:00 INF] : User clicked on tile at position (6, 4)
[2025-09-07 14:32:18.041 +08:00 WRN] : Validation failed for MoveActorCommand: SAME_POSITION: Actor is already at the target position
[2025-09-07 14:32:18.041 +08:00 WRN] : Move to position (6, 4) failed: SAME_POSITION: Actor is already at the target position
[2025-09-07 14:32:18.042 +08:00 WRN] : SAME_POSITION: Actor is already at the target position at (6,4)
[2025-09-07 14:32:20.979 +08:00 INF] : User clicked tile (1,7)
[2025-09-07 14:32:20.979 +08:00 INF] : User clicked on tile at position (1, 7)
[2025-09-07 14:32:20.979 +08:00 INF] : Successfully processed move to position (1, 7)
[2025-09-07 14:32:20.979 +08:00 INF] : Handling actor move for Actor_b0993aba from (6, 4) to (1, 7)
[2025-09-07 14:32:20.980 +08:00 INF] : Moved at (1,7)
[2025-09-07 14:32:20.994 +08:00 INF] : Actor Actor_b0993aba moved to (6,4)  (1,7)
[2025-09-07 14:32:22.081 +08:00 INF] : User clicked tile (3,8)
[2025-09-07 14:32:22.081 +08:00 INF] : User clicked on tile at position (3, 8)
[2025-09-07 14:32:22.082 +08:00 INF] : Successfully processed move to position (3, 8)
[2025-09-07 14:32:22.082 +08:00 INF] : Handling actor move for Actor_b0993aba from (1, 7) to (3, 8)
[2025-09-07 14:32:22.082 +08:00 INF] : Moved at (3,8)
[2025-09-07 14:32:22.098 +08:00 INF] : Actor Actor_b0993aba moved to (1,7)  (3,8)
[2025-09-07 14:32:22.632 +08:00 INF] : User clicked tile (4,5)
[2025-09-07 14:32:22.632 +08:00 INF] : User clicked on tile at position (4, 5)
[2025-09-07 14:32:22.632 +08:00 INF] : Successfully processed move to position (4, 5)
[2025-09-07 14:32:22.632 +08:00 INF] : Handling actor move for Actor_b0993aba from (3, 8) to (4, 5)
[2025-09-07 14:32:22.632 +08:00 INF] : Moved at (4,5)
[2025-09-07 14:32:22.649 +08:00 INF] : Actor Actor_b0993aba moved to (3,8)  (4,5)
[2025-09-07 14:32:23.116 +08:00 INF] : User clicked tile (4,2)
[2025-09-07 14:32:23.117 +08:00 INF] : User clicked on tile at position (4, 2)
[2025-09-07 14:32:23.117 +08:00 INF] : Successfully processed move to position (4, 2)
[2025-09-07 14:32:23.117 +08:00 INF] : Handling actor move for Actor_b0993aba from (4, 5) to (4, 2)
[2025-09-07 14:32:23.117 +08:00 INF] : Moved at (4,2)
[2025-09-07 14:32:23.132 +08:00 INF] : Actor Actor_b0993aba moved to (4,5)  (4,2)
[2025-09-07 14:32:24.288 +08:00 INF] : GameManager cleaning up resources...
[2025-09-07 14:32:24.288 +08:00 INF] : ActorPresenter disposing and cleaning up resources
[2025-09-07 14:32:24.288 +08:00 INF] : Presenters disposed successfully
